<?xml version="1.0" encoding="UTF-8"?>
<!-- Generated by org.testng.reporters.JUnitReportReporter -->
<testsuite hostname="Godbless" failures="0" tests="3" name="GBE2EProject.LoginPageExcel" time="50.234" errors="0" timestamp="2021-05-24T11:09:56 BST" skipped="0">
  <testcase classname="GBE2EProject.LoginPageExcel" name="getLogin" time="23.591"/>
  <system-out/>
  <testcase classname="GBE2EProject.LoginPageExcel" name="getLogin" time="12.885"/>
  <system-out/>
  <testcase classname="GBE2EProject.LoginPageExcel" name="getLogin" time="13.758"/>
  <system-out/>
</testsuite> <!-- GBE2EProject.LoginPageExcel -->
