<?xml version="1.0" encoding="UTF-8"?>
<!-- Generated by org.testng.reporters.JUnitReportReporter -->
<testsuite hostname="Godbless" failures="0" tests="1" name="GBE2EProject.NavigationBar" time="0.975" errors="0" timestamp="2021-05-24T11:09:56 BST" skipped="0">
  <testcase classname="GBE2EProject.NavigationBar" name="NavigationBarr" time="0.975"/>
  <system-out/>
</testsuite> <!-- GBE2EProject.NavigationBar -->
