<?xml version="1.0" encoding="UTF-8"?>
<!-- Generated by org.testng.reporters.JUnitReportReporter -->
<testsuite hostname="Godbless" failures="0" tests="2" name="GBE2EProject.LoginPage" time="91.097" errors="0" timestamp="2021-05-24T00:28:06 BST" skipped="0">
  <testcase classname="GBE2EProject.LoginPage" name="getLogin" time="53.775"/>
  <system-out/>
  <testcase classname="GBE2EProject.LoginPage" name="getLogin" time="37.322"/>
  <system-out/>
</testsuite> <!-- GBE2EProject.LoginPage -->
