<?xml version="1.0" encoding="UTF-8"?>
<!-- Generated by org.testng.reporters.JUnitReportReporter -->
<testsuite hostname="Godbless" failures="0" tests="1" name="GBE2EProject.Mentorship" time="10.793" errors="0" timestamp="2021-05-24T11:09:56 BST" skipped="0">
  <testcase classname="GBE2EProject.Mentorship" name="MyMentorship" time="10.793"/>
  <system-out/>
</testsuite> <!-- GBE2EProject.Mentorship -->
